<?xml version="1.0" encoding="UTF-8"?>
<testsuite xmlns:xsi="http://www.w3.org/2001/XMLSchema-instance" xsi:noNamespaceSchemaLocation="https://maven.apache.org/surefire/maven-surefire-plugin/xsd/surefire-test-report.xsd" name="TestSuite" time="40.364" tests="6" errors="0" skipped="0" failures="0">
  <properties>
[...]
</properties>
  <testcase name="runScenario" classname="parallel.RunCucumberTest" time="15.38"/>
  <testcase name="runScenario" classname="parallel.RunCucumberTest" time="20.017"/>
  <testcase name="runScenario" classname="parallel.RunCucumberTest" time="22.869"/>
  <testcase name="runScenario" classname="parallel.RunCucumberTest" time="24.25"/>
  <testcase name="runScenario" classname="parallel.RunCucumberTest" time="27.36"/>
  <testcase name="runScenario" classname="parallel.RunCucumberTest" time="28.942"/>
</testsuite>